Not Found: /static/help_bot/css/bs_copy.css
"GET /static/help_bot/css/bs_copy.css HTTP/1.1" 404 179
Not Found: /static/help_bot/img/close_chat_white.png
"GET /static/help_bot/img/close_chat_white.png HTTP/1.1" 404 179
Not Found: /static/help_bot/css/bs_copy.css
"GET /static/help_bot/css/bs_copy.css HTTP/1.1" 404 179
Not Found: /static/help_bot/css/bs_copy.css
"GET /static/help_bot/css/bs_copy.css HTTP/1.1" 404 179
Not Found: /static/help_bot/img/restore_2D9CDB.png
Not Found: /static/help_bot/img/restore.png
"GET /static/help_bot/img/restore_2D9CDB.png HTTP/1.1" 404 179
"GET /static/help_bot/img/restore.png HTTP/1.1" 404 179
Not Found: /favicon.ico
"GET /favicon.ico HTTP/1.1" 404 179
Not Found: /static/help_bot/css/bs_copy.css
"GET /static/help_bot/css/bs_copy.css HTTP/1.1" 404 179
Not Found: /static/help_bot/img/close_chat_white.png
"GET /static/help_bot/img/close_chat_white.png HTTP/1.1" 404 179
Not Found: /static/help_bot/css/bs_copy.css
Not Found: /static/help_bot/img/restore_2D9CDB.png
"GET /static/help_bot/css/bs_copy.css HTTP/1.1" 404 179
"GET /static/help_bot/img/restore_2D9CDB.png HTTP/1.1" 404 179
Not Found: /static/help_bot/img/restore.png
"GET /static/help_bot/img/restore.png HTTP/1.1" 404 179
Not Found: /static/help_bot/css/bs_copy.css
Not Found: /static/help_bot/img/close_chat_white.png
"GET /static/help_bot/css/bs_copy.css HTTP/1.1" 404 179
"GET /static/help_bot/img/close_chat_white.png HTTP/1.1" 404 179
Not Found: /static/help_bot/css/bs_copy.css
Not Found: /static/help_bot/img/restore_2D9CDB.png
"GET /static/help_bot/css/bs_copy.css HTTP/1.1" 404 179
"GET /static/help_bot/img/restore_2D9CDB.png HTTP/1.1" 404 179
Not Found: /static/help_bot/img/restore.png
"GET /static/help_bot/img/restore.png HTTP/1.1" 404 179
Not Found: /static/help_bot/img/close_chat_white.png
Not Found: /static/help_bot/css/bs_copy.css
"GET /static/help_bot/img/close_chat_white.png HTTP/1.1" 404 179
"GET /static/help_bot/css/bs_copy.css HTTP/1.1" 404 179
Not Found: /static/help_bot/css/bs_copy.css
Not Found: /static/help_bot/img/restore_2D9CDB.png
"GET /static/help_bot/css/bs_copy.css HTTP/1.1" 404 179
"GET /static/help_bot/img/restore_2D9CDB.png HTTP/1.1" 404 179
Not Found: /static/help_bot/img/restore.png
"GET /static/help_bot/img/restore.png HTTP/1.1" 404 179
Not Found: /static/help_bot/css/bs_copy.css
"GET /static/help_bot/css/bs_copy.css HTTP/1.1" 404 179
Not Found: /static/help_bot/img/close_chat_white.png
"GET /static/help_bot/img/close_chat_white.png HTTP/1.1" 404 179
Not Found: /static/help_bot/css/bs_copy.css
"GET /static/help_bot/css/bs_copy.css HTTP/1.1" 404 179
Not Found: /static/help_bot/css/bs_copy.css
"GET /static/help_bot/css/bs_copy.css HTTP/1.1" 404 179
Not Found: /static/help_bot/img/restore_2D9CDB.png
Not Found: /static/help_bot/img/restore.png
"GET /static/help_bot/img/restore_2D9CDB.png HTTP/1.1" 404 179
"GET /static/help_bot/img/restore.png HTTP/1.1" 404 179
Not Found: /favicon.ico
"GET /favicon.ico HTTP/1.1" 404 179
Not Found: /static/help_bot/css/bs_copy.css
"GET /static/help_bot/css/bs_copy.css HTTP/1.1" 404 179
Not Found: /static/help_bot/img/close_chat_white.png
"GET /static/help_bot/img/close_chat_white.png HTTP/1.1" 404 179
Not Found: /static/help_bot/css/bs_copy.css
"GET /static/help_bot/css/bs_copy.css HTTP/1.1" 404 179
Not Found: /static/help_bot/img/restore_2D9CDB.png
Not Found: /static/help_bot/css/bs_copy.css
"GET /static/help_bot/css/bs_copy.css HTTP/1.1" 404 179
"GET /static/help_bot/img/restore_2D9CDB.png HTTP/1.1" 404 179
Not Found: /static/help_bot/img/restore.png
"GET /static/help_bot/img/restore.png HTTP/1.1" 404 179
Not Found: /static/help_bot/css/bs_copy.css
"GET /static/help_bot/css/bs_copy.css HTTP/1.1" 404 179
Not Found: /static/help_bot/img/close_chat_white.png
"GET /static/help_bot/img/close_chat_white.png HTTP/1.1" 404 179
Not Found: /static/help_bot/css/bs_copy.css
Not Found: /static/help_bot/img/restore_2D9CDB.png
"GET /static/help_bot/css/bs_copy.css HTTP/1.1" 404 179
"GET /static/help_bot/img/restore_2D9CDB.png HTTP/1.1" 404 179
Not Found: /static/help_bot/img/restore.png
"GET /static/help_bot/img/restore.png HTTP/1.1" 404 179
Not Found: /static/help_bot/img/close_chat_white.png
Not Found: /static/help_bot/css/bs_copy.css
"GET /static/help_bot/css/bs_copy.css HTTP/1.1" 404 179
"GET /static/help_bot/img/close_chat_white.png HTTP/1.1" 404 179
Not Found: /static/help_bot/css/bs_copy.css
Not Found: /static/help_bot/img/restore_2D9CDB.png
"GET /static/help_bot/css/bs_copy.css HTTP/1.1" 404 179
"GET /static/help_bot/img/restore_2D9CDB.png HTTP/1.1" 404 179
Not Found: /static/help_bot/img/restore.png
"GET /static/help_bot/img/restore.png HTTP/1.1" 404 179
Not Found: /static/help_bot/css/bs_copy.css
"GET /static/help_bot/css/bs_copy.css HTTP/1.1" 404 179
Not Found: /static/help_bot/img/close_chat_white.png
"GET /static/help_bot/img/close_chat_white.png HTTP/1.1" 404 179
Not Found: /static/help_bot/css/bs_copy.css
Not Found: /static/help_bot/img/restore_2D9CDB.png
"GET /static/help_bot/css/bs_copy.css HTTP/1.1" 404 179
"GET /static/help_bot/img/restore_2D9CDB.png HTTP/1.1" 404 179
Not Found: /static/help_bot/img/restore.png
"GET /static/help_bot/img/restore.png HTTP/1.1" 404 179
Not Found: /static/help_bot/css/bs_copy.css
Not Found: /static/help_bot/img/close_chat_white.png
"GET /static/help_bot/img/close_chat_white.png HTTP/1.1" 404 179
"GET /static/help_bot/css/bs_copy.css HTTP/1.1" 404 179
Not Found: /static/help_bot/css/bs_copy.css
Not Found: /static/help_bot/img/restore_2D9CDB.png
"GET /static/help_bot/css/bs_copy.css HTTP/1.1" 404 179
"GET /static/help_bot/img/restore_2D9CDB.png HTTP/1.1" 404 179
Not Found: /static/help_bot/img/restore.png
"GET /static/help_bot/img/restore.png HTTP/1.1" 404 179
Not Found: /static/help_bot/css/bs_copy.css
"GET /static/help_bot/css/bs_copy.css HTTP/1.1" 404 179
Not Found: /static/help_bot/img/close_chat_white.png
"GET /static/help_bot/img/close_chat_white.png HTTP/1.1" 404 179
Not Found: /static/help_bot/css/bs_copy.css
"GET /static/help_bot/css/bs_copy.css HTTP/1.1" 404 179
Not Found: /static/help_bot/css/bs_copy.css
Not Found: /static/help_bot/img/restore_2D9CDB.png
"GET /static/help_bot/css/bs_copy.css HTTP/1.1" 404 179
"GET /static/help_bot/img/restore_2D9CDB.png HTTP/1.1" 404 179
Not Found: /static/help_bot/img/restore.png
"GET /static/help_bot/img/restore.png HTTP/1.1" 404 179
Not Found: /static/admin/css/base.css
Not Found: /static/admin/css/login.css
"GET /static/admin/css/base.css HTTP/1.1" 404 179
Not Found: /static/admin/css/responsive.css
"GET /static/admin/css/login.css HTTP/1.1" 404 179
"GET /static/admin/css/responsive.css HTTP/1.1" 404 179
Not Found: /static/admin/css/base.css
Not Found: /static/admin/css/login.css
Not Found: /static/admin/css/responsive.css
"GET /static/admin/css/base.css HTTP/1.1" 404 179
"GET /static/admin/css/login.css HTTP/1.1" 404 179
"GET /static/admin/css/responsive.css HTTP/1.1" 404 179
Not Found: /favicon.ico
"GET /favicon.ico HTTP/1.1" 404 179
Not Found: /static/help_bot/css/bs_copy.css
"GET /static/help_bot/css/bs_copy.css HTTP/1.1" 404 179
Not Found: /static/help_bot/img/close_chat_white.png
"GET /static/help_bot/img/close_chat_white.png HTTP/1.1" 404 179
Not Found: /static/help_bot/css/bs_copy.css
"GET /static/help_bot/css/bs_copy.css HTTP/1.1" 404 179
Not Found: /static/help_bot/css/bs_copy.css
"GET /static/help_bot/css/bs_copy.css HTTP/1.1" 404 179
Not Found: /static/help_bot/img/restore_2D9CDB.png
Not Found: /static/help_bot/img/restore.png
"GET /static/help_bot/img/restore_2D9CDB.png HTTP/1.1" 404 179
"GET /static/help_bot/img/restore.png HTTP/1.1" 404 179
Not Found: /static/help_bot/img/close_chat_white.png
Not Found: /static/help_bot/css/bs_copy.css
"GET /static/help_bot/img/close_chat_white.png HTTP/1.1" 404 179
"GET /static/help_bot/css/bs_copy.css HTTP/1.1" 404 179
Not Found: /static/help_bot/img/restore_2D9CDB.png
Not Found: /static/help_bot/css/bs_copy.css
"GET /static/help_bot/img/restore_2D9CDB.png HTTP/1.1" 404 179
"GET /static/help_bot/css/bs_copy.css HTTP/1.1" 404 179
Not Found: /static/help_bot/img/restore.png
"GET /static/help_bot/img/restore.png HTTP/1.1" 404 179
Not Found: /static/help_bot/css/bs_copy.css
Not Found: /static/help_bot/img/close_chat_white.png
"GET /static/help_bot/css/bs_copy.css HTTP/1.1" 404 179
"GET /static/help_bot/img/close_chat_white.png HTTP/1.1" 404 179
Not Found: /static/help_bot/css/bs_copy.css
Not Found: /static/help_bot/img/restore_2D9CDB.png
"GET /static/help_bot/css/bs_copy.css HTTP/1.1" 404 179
"GET /static/help_bot/img/restore_2D9CDB.png HTTP/1.1" 404 179
Not Found: /static/help_bot/img/restore.png
"GET /static/help_bot/img/restore.png HTTP/1.1" 404 179
Not Found: /static/help_bot/img/close_chat_white.png
Not Found: /static/help_bot/css/bs_copy.css
"GET /static/help_bot/img/close_chat_white.png HTTP/1.1" 404 179
"GET /static/help_bot/css/bs_copy.css HTTP/1.1" 404 179
Not Found: /static/help_bot/css/bs_copy.css
Not Found: /static/help_bot/img/restore_2D9CDB.png
"GET /static/help_bot/css/bs_copy.css HTTP/1.1" 404 179
"GET /static/help_bot/img/restore_2D9CDB.png HTTP/1.1" 404 179
Not Found: /static/help_bot/img/restore.png
"GET /static/help_bot/img/restore.png HTTP/1.1" 404 179
Not Found: /static/help_bot/img/close_chat_white.png
Not Found: /static/help_bot/css/bs_copy.css
"GET /static/help_bot/img/close_chat_white.png HTTP/1.1" 404 179
"GET /static/help_bot/css/bs_copy.css HTTP/1.1" 404 179
Not Found: /static/help_bot/css/bs_copy.css
"GET /static/help_bot/css/bs_copy.css HTTP/1.1" 404 179
Not Found: /static/help_bot/img/restore_2D9CDB.png
"GET /static/help_bot/img/restore_2D9CDB.png HTTP/1.1" 404 179
Not Found: /static/help_bot/img/restore.png
"GET /static/help_bot/img/restore.png HTTP/1.1" 404 179
Not Found: /static/help_bot/css/bs_copy.css
"GET /static/help_bot/css/bs_copy.css HTTP/1.1" 404 179
Not Found: /static/help_bot/img/close_chat_white.png
"GET /static/help_bot/img/close_chat_white.png HTTP/1.1" 404 179
Not Found: /static/help_bot/css/bs_copy.css
"GET /static/help_bot/css/bs_copy.css HTTP/1.1" 404 179
Not Found: /static/help_bot/css/bs_copy.css
"GET /static/help_bot/css/bs_copy.css HTTP/1.1" 404 179
Not Found: /static/help_bot/img/restore_2D9CDB.png
Not Found: /static/help_bot/img/restore.png
"GET /static/help_bot/img/restore.png HTTP/1.1" 404 179
"GET /static/help_bot/img/restore_2D9CDB.png HTTP/1.1" 404 179
Not Found: /static/help_bot/css/bs_copy.css
"GET /static/help_bot/css/bs_copy.css HTTP/1.1" 404 179
Not Found: /static/help_bot/img/close_chat_white.png
"GET /static/help_bot/img/close_chat_white.png HTTP/1.1" 404 179
Not Found: /static/help_bot/css/bs_copy.css
Not Found: /static/help_bot/img/restore_2D9CDB.png
"GET /static/help_bot/css/bs_copy.css HTTP/1.1" 404 179
"GET /static/help_bot/img/restore_2D9CDB.png HTTP/1.1" 404 179
Not Found: /static/help_bot/img/restore.png
"GET /static/help_bot/img/restore.png HTTP/1.1" 404 179
Not Found: /static/help_bot/css/bs_copy.css
Not Found: /static/help_bot/img/close_chat_white.png
"GET /static/help_bot/css/bs_copy.css HTTP/1.1" 404 179
"GET /static/help_bot/img/close_chat_white.png HTTP/1.1" 404 179
Not Found: /static/help_bot/css/bs_copy.css
Not Found: /static/help_bot/img/restore_2D9CDB.png
"GET /static/help_bot/css/bs_copy.css HTTP/1.1" 404 179
"GET /static/help_bot/img/restore_2D9CDB.png HTTP/1.1" 404 179
Not Found: /static/help_bot/img/restore.png
"GET /static/help_bot/img/restore.png HTTP/1.1" 404 179
Not Found: /static/help_bot/css/bs_copy.css
Not Found: /static/help_bot/img/close_chat_white.png
"GET /static/help_bot/css/bs_copy.css HTTP/1.1" 404 179
"GET /static/help_bot/img/close_chat_white.png HTTP/1.1" 404 179
Not Found: /static/help_bot/css/bs_copy.css
"GET /static/help_bot/css/bs_copy.css HTTP/1.1" 404 179
Not Found: /static/help_bot/css/bs_copy.css
"GET /static/help_bot/css/bs_copy.css HTTP/1.1" 404 179
Not Found: /static/help_bot/img/restore.png
Not Found: /static/help_bot/img/restore_2D9CDB.png
"GET /static/help_bot/img/restore.png HTTP/1.1" 404 179
"GET /static/help_bot/img/restore_2D9CDB.png HTTP/1.1" 404 179
Not Found: /static/admin/css/login.css
Not Found: /static/admin/css/base.css
"GET /static/admin/css/login.css HTTP/1.1" 404 179
"GET /static/admin/css/base.css HTTP/1.1" 404 179
Not Found: /static/admin/css/responsive.css
"GET /static/admin/css/responsive.css HTTP/1.1" 404 179
Not Found: /favicon.ico
"GET /favicon.ico HTTP/1.1" 404 179
Not Found: /static/help_bot/img/close_chat_white.png
"GET /static/help_bot/img/close_chat_white.png HTTP/1.1" 404 179
Not Found: /static/help_bot/css/bs_copy.css
"GET /static/help_bot/css/bs_copy.css HTTP/1.1" 404 179
Not Found: /static/help_bot/img/close_chat_white.png
"GET /static/help_bot/img/close_chat_white.png HTTP/1.1" 404 179
Not Found: /static/help_bot/css/bs_copy.css
"GET /static/help_bot/css/bs_copy.css HTTP/1.1" 404 179
Not Found: /static/help_bot/css/bs_copy.css
Not Found: /static/help_bot/img/restore_2D9CDB.png
"GET /static/help_bot/css/bs_copy.css HTTP/1.1" 404 179
"GET /static/help_bot/img/restore_2D9CDB.png HTTP/1.1" 404 179
Not Found: /static/help_bot/img/restore.png
"GET /static/help_bot/img/restore.png HTTP/1.1" 404 179
Not Found: /static/admin/css/login.css
Not Found: /static/admin/css/responsive.css
Not Found: /static/admin/css/base.css
"GET /static/admin/css/login.css HTTP/1.1" 404 179
"GET /static/admin/css/responsive.css HTTP/1.1" 404 179
"GET /static/admin/css/base.css HTTP/1.1" 404 179
Not Found: /static/admin/css/base.css
Not Found: /static/admin/css/login.css
Not Found: /static/admin/css/responsive.css
"GET /static/admin/css/base.css HTTP/1.1" 404 179
"GET /static/admin/css/responsive.css HTTP/1.1" 404 179
"GET /static/admin/css/login.css HTTP/1.1" 404 179
Not Found: /static/help_bot/css/bs_copy.css
"GET /static/help_bot/css/bs_copy.css HTTP/1.1" 404 179
Not Found: /static/help_bot/img/close_chat_white.png
"GET /static/help_bot/img/close_chat_white.png HTTP/1.1" 404 179
Not Found: /static/help_bot/css/bs_copy.css
"GET /static/help_bot/css/bs_copy.css HTTP/1.1" 404 179
Not Found: /static/help_bot/img/restore.png
Not Found: /static/help_bot/img/restore_2D9CDB.png
"GET /static/help_bot/img/restore.png HTTP/1.1" 404 179
"GET /static/help_bot/img/restore_2D9CDB.png HTTP/1.1" 404 179
Not Found: /static/help_bot/css/bs_copy.css
"GET /static/help_bot/css/bs_copy.css HTTP/1.1" 404 179
Not Found: /static/help_bot/img/close_chat_white.png
"GET /static/help_bot/img/close_chat_white.png HTTP/1.1" 404 179
Not Found: /static/help_bot/css/bs_copy.css
"GET /static/help_bot/css/bs_copy.css HTTP/1.1" 404 179
Not Found: /static/help_bot/css/bs_copy.css
"GET /static/help_bot/css/bs_copy.css HTTP/1.1" 404 179
Not Found: /static/help_bot/img/restore_2D9CDB.png
Not Found: /static/help_bot/img/restore.png
"GET /static/help_bot/img/restore_2D9CDB.png HTTP/1.1" 404 179
"GET /static/help_bot/img/restore.png HTTP/1.1" 404 179
Not Found: /favicon.ico
"GET /favicon.ico HTTP/1.1" 404 179
Not Found: /static/admin/css/responsive.css
Not Found: /static/admin/css/base.css
Not Found: /static/admin/css/login.css
"GET /static/admin/css/responsive.css HTTP/1.1" 404 179
"GET /static/admin/css/login.css HTTP/1.1" 404 179
"GET /static/admin/css/base.css HTTP/1.1" 404 179
Not Found: /static/admin/css/responsive.css
Not Found: /static/admin/css/login.css
Not Found: /static/admin/css/base.css
"GET /static/admin/css/responsive.css HTTP/1.1" 404 179
"GET /static/admin/css/login.css HTTP/1.1" 404 179
"GET /static/admin/css/base.css HTTP/1.1" 404 179
Not Found: /static/admin/css/base.css
Not Found: /static/admin/css/responsive.css
Not Found: /static/admin/css/login.css
"GET /static/admin/css/base.css HTTP/1.1" 404 179
"GET /static/admin/css/responsive.css HTTP/1.1" 404 179
"GET /static/admin/css/login.css HTTP/1.1" 404 179
Not Found: /static/admin/css/responsive.css
Not Found: /static/admin/css/login.css
Not Found: /static/admin/css/base.css
"GET /static/admin/css/base.css HTTP/1.1" 404 179
"GET /static/admin/css/login.css HTTP/1.1" 404 179
"GET /static/admin/css/responsive.css HTTP/1.1" 404 179
Not Found: /static/admin/css/login.css
Not Found: /static/admin/css/responsive.css
Not Found: /static/admin/css/base.css
"GET /static/admin/css/login.css HTTP/1.1" 404 179
"GET /static/admin/css/responsive.css HTTP/1.1" 404 179
"GET /static/admin/css/base.css HTTP/1.1" 404 179
Not Found: /static/help_bot/css/bs_copy.css
"GET /static/help_bot/css/bs_copy.css HTTP/1.1" 404 179
Not Found: /static/help_bot/img/close_chat_white.png
"GET /static/help_bot/img/close_chat_white.png HTTP/1.1" 404 179
Not Found: /static/help_bot/css/bs_copy.css
"GET /static/help_bot/css/bs_copy.css HTTP/1.1" 404 179
Not Found: /static/help_bot/img/restore_2D9CDB.png
Not Found: /static/help_bot/img/restore.png
"GET /static/help_bot/img/restore_2D9CDB.png HTTP/1.1" 404 179
"GET /static/help_bot/img/restore.png HTTP/1.1" 404 179
Not Found: /static/admin/css/base.css
Not Found: /static/admin/css/login.css
Not Found: /static/admin/css/responsive.css
"GET /static/admin/css/base.css HTTP/1.1" 404 179
"GET /static/admin/css/login.css HTTP/1.1" 404 179
"GET /static/admin/css/responsive.css HTTP/1.1" 404 179
Not Found: /static/admin/css/base.css
Not Found: /static/admin/css/login.css
Not Found: /static/admin/css/responsive.css
"GET /static/admin/css/base.css HTTP/1.1" 404 179
"GET /static/admin/css/login.css HTTP/1.1" 404 179
"GET /static/admin/css/responsive.css HTTP/1.1" 404 179
Not Found: /static/help_bot/css/bs_copy.css
"GET /static/help_bot/css/bs_copy.css HTTP/1.1" 404 179
Not Found: /static/help_bot/img/close_chat_white.png
"GET /static/help_bot/img/close_chat_white.png HTTP/1.1" 404 179
Not Found: /static/help_bot/css/bs_copy.css
"GET /static/help_bot/css/bs_copy.css HTTP/1.1" 404 179
Not Found: /static/help_bot/css/bs_copy.css
"GET /static/help_bot/css/bs_copy.css HTTP/1.1" 404 179
Not Found: /static/help_bot/img/restore_2D9CDB.png
"GET /static/help_bot/img/restore_2D9CDB.png HTTP/1.1" 404 179
Not Found: /static/help_bot/img/restore.png
"GET /static/help_bot/img/restore.png HTTP/1.1" 404 179
Not Found: /static/help_bot/css/bs_copy.css
"GET /static/help_bot/css/bs_copy.css HTTP/1.1" 404 179
Not Found: /admin/page/page/30/
"GET /admin/page/page/30/ HTTP/1.1" 404 179
Not Found: /favicon.ico
"GET /favicon.ico HTTP/1.1" 404 179
Not Found: /admin/page/page/30/
"GET /admin/page/page/30/ HTTP/1.1" 404 179
Not Found: /static/admin/css/login.css/
"GET /static/admin/css/login.css/ HTTP/1.1" 404 179
Not Found: /static/help_bot/css/bs_copy.css
"GET /static/help_bot/css/bs_copy.css HTTP/1.1" 404 179
Not Found: /static/help_bot/img/close_chat_white.png
"GET /static/help_bot/img/close_chat_white.png HTTP/1.1" 404 179
Not Found: /static/help_bot/css/bs_copy.css
"GET /static/help_bot/css/bs_copy.css HTTP/1.1" 404 179
Not Found: /static/help_bot/css/bs_copy.css
"GET /static/help_bot/css/bs_copy.css HTTP/1.1" 404 179
Not Found: /static/help_bot/img/restore_2D9CDB.png
"GET /static/help_bot/img/restore_2D9CDB.png HTTP/1.1" 404 179
Not Found: /static/help_bot/img/restore.png
"GET /static/help_bot/img/restore.png HTTP/1.1" 404 179
Not Found: /static/help_bot/css/bs_copy.css
"GET /static/help_bot/css/bs_copy.css HTTP/1.1" 404 179
Not Found: /static/admin/css/login.css/
"GET /static/admin/css/login.css/ HTTP/1.1" 404 179
Not Found: /static/help_bot/css/bs_copy.css
"GET /static/help_bot/css/bs_copy.css HTTP/1.1" 404 179
Not Found: /static/help_bot/img/close_chat_white.png
"GET /static/help_bot/img/close_chat_white.png HTTP/1.1" 404 179
Not Found: /static/help_bot/css/bs_copy.css
"GET /static/help_bot/css/bs_copy.css HTTP/1.1" 404 179
Not Found: /static/help_bot/css/bs_copy.css
"GET /static/help_bot/css/bs_copy.css HTTP/1.1" 404 179
Not Found: /static/help_bot/img/restore_2D9CDB.png
"GET /static/help_bot/img/restore_2D9CDB.png HTTP/1.1" 404 179
Not Found: /static/help_bot/img/restore.png
"GET /static/help_bot/img/restore.png HTTP/1.1" 404 179
Not Found: /static/help_bot/css/bs_copy.css
"GET /static/help_bot/css/bs_copy.css HTTP/1.1" 404 179
Not Found: /static/help_bot/css/bs_copy.css
"GET /static/help_bot/css/bs_copy.css HTTP/1.1" 404 179
Not Found: /static/help_bot/img/close_chat_white.png
"GET /static/help_bot/img/close_chat_white.png HTTP/1.1" 404 179
Not Found: /static/help_bot/css/bs_copy.css
"GET /static/help_bot/css/bs_copy.css HTTP/1.1" 404 179
Not Found: /static/help_bot/css/bs_copy.css
"GET /static/help_bot/css/bs_copy.css HTTP/1.1" 404 179
Not Found: /static/help_bot/img/restore_2D9CDB.png
"GET /static/help_bot/img/restore_2D9CDB.png HTTP/1.1" 404 179
Not Found: /static/help_bot/img/restore.png
"GET /static/help_bot/img/restore.png HTTP/1.1" 404 179
Not Found: /static/help_bot/css/bs_copy.css
"GET /static/help_bot/css/bs_copy.css HTTP/1.1" 404 179
Not Found: /favicon.ico
"GET /favicon.ico HTTP/1.1" 404 179
Not Found: /static/help_bot/css/bs_copy.css
"GET /static/help_bot/css/bs_copy.css HTTP/1.1" 404 179
Not Found: /static/help_bot/css/bs_copy.css
Not Found: /static/help_bot/img/close_chat_white.png
"GET /static/help_bot/css/bs_copy.css HTTP/1.1" 404 179
"GET /static/help_bot/img/close_chat_white.png HTTP/1.1" 404 179
Not Found: /static/help_bot/css/bs_copy.css
"GET /static/help_bot/css/bs_copy.css HTTP/1.1" 404 179
Not Found: /static/help_bot/img/restore_2D9CDB.png
"GET /static/help_bot/img/restore_2D9CDB.png HTTP/1.1" 404 179
Not Found: /static/help_bot/img/restore.png
"GET /static/help_bot/img/restore.png HTTP/1.1" 404 179
Not Found: /static/help_bot/css/bs_copy.css
"GET /static/help_bot/css/bs_copy.css HTTP/1.1" 404 179
Not Found: /favicon.ico
"GET /favicon.ico HTTP/1.1" 404 179
Not Found: /static/help_bot/css/bs_copy.css
"GET /static/help_bot/css/bs_copy.css HTTP/1.1" 404 179
Not Found: /static/help_bot/img/close_chat_white.png
"GET /static/help_bot/img/close_chat_white.png HTTP/1.1" 404 179
Not Found: /static/help_bot/css/bs_copy.css
"GET /static/help_bot/css/bs_copy.css HTTP/1.1" 404 179
Not Found: /static/help_bot/img/restore_2D9CDB.png
"GET /static/help_bot/img/restore_2D9CDB.png HTTP/1.1" 404 179
Not Found: /static/help_bot/img/restore.png
"GET /static/help_bot/img/restore.png HTTP/1.1" 404 179
Not Found: /static/help_bot/css/bs_copy.css
"GET /static/help_bot/css/bs_copy.css HTTP/1.1" 404 179
Not Found: /static/help_bot/css/bs_copy.css
Not Found: /static/help_bot/img/close_chat_white.png
"GET /static/help_bot/css/bs_copy.css HTTP/1.1" 404 179
"GET /static/help_bot/img/close_chat_white.png HTTP/1.1" 404 179
Not Found: /static/help_bot/css/bs_copy.css
"GET /static/help_bot/css/bs_copy.css HTTP/1.1" 404 179
Not Found: /static/help_bot/css/bs_copy.css
"GET /static/help_bot/css/bs_copy.css HTTP/1.1" 404 179
Not Found: /static/help_bot/img/restore_2D9CDB.png
"GET /static/help_bot/img/restore_2D9CDB.png HTTP/1.1" 404 179
Not Found: /static/help_bot/img/restore.png
"GET /static/help_bot/img/restore.png HTTP/1.1" 404 179
Not Found: /static/help_bot/css/bs_copy.css
"GET /static/help_bot/css/bs_copy.css HTTP/1.1" 404 179
Not Found: /favicon.ico
"GET /favicon.ico HTTP/1.1" 404 179
Not Found: /static/help_bot/css/bs_copy.css
Not Found: /static/help_bot/img/close_chat_white.png
"GET /static/help_bot/css/bs_copy.css HTTP/1.1" 404 179
"GET /static/help_bot/img/close_chat_white.png HTTP/1.1" 404 179
Not Found: /static/help_bot/css/bs_copy.css
"GET /static/help_bot/css/bs_copy.css HTTP/1.1" 404 179
Not Found: /static/help_bot/img/restore_2D9CDB.png
"GET /static/help_bot/img/restore_2D9CDB.png HTTP/1.1" 404 179
Not Found: /static/help_bot/img/restore.png
"GET /static/help_bot/img/restore.png HTTP/1.1" 404 179
Not Found: /static/help_bot/css/bs_copy.css
"GET /static/help_bot/css/bs_copy.css HTTP/1.1" 404 179
Not Found: /static/admin/css/base.css
Not Found: /static/admin/css/dashboard.css
"GET /static/admin/css/base.css HTTP/1.1" 404 179
Not Found: /static/admin/css/responsive.css
"GET /static/admin/css/responsive.css HTTP/1.1" 404 179
"GET /static/admin/css/dashboard.css HTTP/1.1" 404 179
Not Found: /favicon.ico
"GET /favicon.ico HTTP/1.1" 404 179
Not Found: /static/admin/css/dashboard.css
"GET /static/admin/css/dashboard.css HTTP/1.1" 404 179
Not Found: /static/admin/css/base.css
Not Found: /static/admin/css/responsive.css
"GET /static/admin/css/base.css HTTP/1.1" 404 179
"GET /static/admin/css/responsive.css HTTP/1.1" 404 179
Not Found: /favicon.ico
"GET /favicon.ico HTTP/1.1" 404 179
Not Found: /static/admin/css/base.css
"GET /static/admin/css/base.css HTTP/1.1" 404 179
Not Found: /static/admin/css/responsive.css
"GET /static/admin/css/responsive.css HTTP/1.1" 404 179
Not Found: /static/admin/css/dashboard.css
"GET /static/admin/css/dashboard.css HTTP/1.1" 404 179
Not Found: /favicon.ico
"GET /favicon.ico HTTP/1.1" 404 179
Not Found: /static/admin/css/base.css
Not Found: /static/admin/css/dashboard.css
Not Found: /static/admin/css/responsive.css
"GET /static/admin/css/base.css HTTP/1.1" 404 179
"GET /static/admin/css/responsive.css HTTP/1.1" 404 179
"GET /static/admin/css/dashboard.css HTTP/1.1" 404 179
Not Found: /favicon.ico
"GET /favicon.ico HTTP/1.1" 404 179
Not Found: /static/admin/css/base.css
Not Found: /static/admin/css/responsive.css
"GET /static/admin/css/base.css HTTP/1.1" 404 179
Not Found: /static/admin/css/dashboard.css
"GET /static/admin/css/responsive.css HTTP/1.1" 404 179
"GET /static/admin/css/dashboard.css HTTP/1.1" 404 179
Not Found: /favicon.ico
"GET /favicon.ico HTTP/1.1" 404 179
Not Found: /static/admin/css/dashboard.css
Not Found: /static/admin/css/responsive.css
Not Found: /static/admin/css/base.css
"GET /static/admin/css/dashboard.css HTTP/1.1" 404 179
"GET /static/admin/css/responsive.css HTTP/1.1" 404 179
"GET /static/admin/css/base.css HTTP/1.1" 404 179
Not Found: /favicon.ico
"GET /favicon.ico HTTP/1.1" 404 179
Not Found: /static/admin/css/dashboard.css
Not Found: /static/admin/css/responsive.css
"GET /static/admin/css/responsive.css HTTP/1.1" 404 179
"GET /static/admin/css/dashboard.css HTTP/1.1" 404 179
Not Found: /static/admin/css/base.css
"GET /static/admin/css/base.css HTTP/1.1" 404 179
Not Found: /favicon.ico
"GET /favicon.ico HTTP/1.1" 404 179
Not Found: /static/admin/css/base.css
Not Found: /static/admin/css/responsive.css
Not Found: /static/admin/css/dashboard.css
"GET /static/admin/css/base.css HTTP/1.1" 404 179
"GET /static/admin/css/responsive.css HTTP/1.1" 404 179
"GET /static/admin/css/dashboard.css HTTP/1.1" 404 179
Not Found: /static/admin/css/dashboard.css
Not Found: /static/admin/css/responsive.css
"GET /static/admin/css/responsive.css HTTP/1.1" 404 179
"GET /static/admin/css/dashboard.css HTTP/1.1" 404 179
Not Found: /static/admin/css/base.css
"GET /static/admin/css/base.css HTTP/1.1" 404 179
Not Found: /favicon.ico
"GET /favicon.ico HTTP/1.1" 404 179
Not Found: /static/help_bot/css/bs_copy.css
"GET /static/help_bot/css/bs_copy.css HTTP/1.1" 404 179
Not Found: /static/help_bot/img/close_chat_white.png
"GET /static/help_bot/img/close_chat_white.png HTTP/1.1" 404 179
Not Found: /static/help_bot/css/bs_copy.css
"GET /static/help_bot/css/bs_copy.css HTTP/1.1" 404 179
Not Found: /static/help_bot/css/bs_copy.css
"GET /static/help_bot/css/bs_copy.css HTTP/1.1" 404 179
Not Found: /static/help_bot/img/restore_2D9CDB.png
"GET /static/help_bot/img/restore_2D9CDB.png HTTP/1.1" 404 179
Not Found: /static/help_bot/img/restore.png
"GET /static/help_bot/img/restore.png HTTP/1.1" 404 179
Not Found: /static/help_bot/css/bs_copy.css
"GET /static/help_bot/css/bs_copy.css HTTP/1.1" 404 179
Not Found: /static/admin/css/dashboard.css
Not Found: /static/admin/css/base.css
"GET /static/admin/css/dashboard.css HTTP/1.1" 404 179
"GET /static/admin/css/base.css HTTP/1.1" 404 179
Not Found: /static/admin/css/responsive.css
"GET /static/admin/css/responsive.css HTTP/1.1" 404 179
Not Found: /static/help_bot/css/bs_copy.css
"GET /static/help_bot/css/bs_copy.css HTTP/1.1" 404 179
Not Found: /static/help_bot/img/close_chat_white.png
"GET /static/help_bot/img/close_chat_white.png HTTP/1.1" 404 179
Not Found: /static/help_bot/css/bs_copy.css
"GET /static/help_bot/css/bs_copy.css HTTP/1.1" 404 179
Not Found: /static/help_bot/css/bs_copy.css
"GET /static/help_bot/css/bs_copy.css HTTP/1.1" 404 179
Not Found: /static/help_bot/img/restore_2D9CDB.png
"GET /static/help_bot/img/restore_2D9CDB.png HTTP/1.1" 404 179
Not Found: /static/help_bot/img/restore.png
"GET /static/help_bot/img/restore.png HTTP/1.1" 404 179
Not Found: /static/help_bot/css/bs_copy.css
"GET /static/help_bot/css/bs_copy.css HTTP/1.1" 404 179
Not Found: /static/admin/css/base.css
"GET /static/admin/css/base.css HTTP/1.1" 404 179
Not Found: /static/help_bot/css/bs_copy.css
"GET /static/help_bot/css/bs_copy.css HTTP/1.1" 404 179
Not Found: /static/help_bot/img/close_chat_white.png
"GET /static/help_bot/img/close_chat_white.png HTTP/1.1" 404 179
Not Found: /static/help_bot/css/bs_copy.css
"GET /static/help_bot/css/bs_copy.css HTTP/1.1" 404 179
Not Found: /static/help_bot/css/bs_copy.css
"GET /static/help_bot/css/bs_copy.css HTTP/1.1" 404 179
Not Found: /static/help_bot/img/restore_2D9CDB.png
"GET /static/help_bot/img/restore_2D9CDB.png HTTP/1.1" 404 179
Not Found: /static/help_bot/img/restore.png
Not Found: /static/help_bot/css/bs_copy.css
"GET /static/help_bot/img/restore.png HTTP/1.1" 404 179
"GET /static/help_bot/css/bs_copy.css HTTP/1.1" 404 179
Not Found: /static/help_bot/css/bs_copy.css
"GET /static/help_bot/css/bs_copy.css HTTP/1.1" 404 179
Not Found: /static/help_bot/img/close_chat_white.png
"GET /static/help_bot/img/close_chat_white.png HTTP/1.1" 404 179
Not Found: /static/help_bot/css/bs_copy.css
"GET /static/help_bot/css/bs_copy.css HTTP/1.1" 404 179
Not Found: /static/help_bot/css/bs_copy.css
"GET /static/help_bot/css/bs_copy.css HTTP/1.1" 404 179
Not Found: /static/help_bot/img/restore_2D9CDB.png
"GET /static/help_bot/img/restore_2D9CDB.png HTTP/1.1" 404 179
Not Found: /static/help_bot/img/restore.png
"GET /static/help_bot/img/restore.png HTTP/1.1" 404 179
Not Found: /static/help_bot/css/bs_copy.css
"GET /static/help_bot/css/bs_copy.css HTTP/1.1" 404 179
Not Found: /favicon.ico
"GET /favicon.ico HTTP/1.1" 404 179
Not Found: /favicon.ico
"GET /favicon.ico HTTP/1.0" 404 179
Not Found: /favicon.ico
"GET /favicon.ico HTTP/1.0" 404 179
Not Found: /favicon.ico
"GET /favicon.ico HTTP/1.0" 404 179
Not Found: /favicon.ico
"GET /favicon.ico HTTP/1.0" 404 179
Not Found: /favicon.ico
"GET /favicon.ico HTTP/1.0" 404 179
Not Found: /favicon.ico
"GET /favicon.ico HTTP/1.0" 404 179
Not Found: /favicon.ico
"GET /favicon.ico HTTP/1.0" 404 179
Not Found: /favicon.ico
"GET /favicon.ico HTTP/1.0" 404 179
Not Found: /favicon.ico
"GET /favicon.ico HTTP/1.0" 404 179
Not Found: /favicon.ico
"GET /favicon.ico HTTP/1.0" 404 179
Not Found: /favicon.ico
"GET /favicon.ico HTTP/1.0" 404 179
Not Found: /favicon.ico
"GET /favicon.ico HTTP/1.0" 404 179
Not Found: /favicon.ico
"GET /favicon.ico HTTP/1.0" 404 179
Not Found: /favicon.ico
"GET /favicon.ico HTTP/1.0" 404 179
Not Found: /favicon.ico
"GET /favicon.ico HTTP/1.0" 404 179
Not Found: /favicon.ico
"GET /favicon.ico HTTP/1.0" 404 179
Not Found: /favicon.ico
"GET /favicon.ico HTTP/1.0" 404 179
Not Found: /favicon.ico
"GET /favicon.ico HTTP/1.0" 404 179
Not Found: /favicon.ico
"GET /favicon.ico HTTP/1.0" 404 179
Not Found: /favicon.ico
"GET /favicon.ico HTTP/1.0" 404 179
Not Found: /favicon.ico
"GET /favicon.ico HTTP/1.0" 404 179
Not Found: /favicon.ico
"GET /favicon.ico HTTP/1.0" 404 179
Not Found: /favicon.ico
"GET /favicon.ico HTTP/1.0" 404 179
Not Found: /favicon.ico
"GET /favicon.ico HTTP/1.0" 404 179
Not Found: /favicon.ico
"GET /favicon.ico HTTP/1.0" 404 179
